2023-10-05 16:42:58.061 INFO [restartedMain:c.a.n.c.naming] initializer namespace from System Property : null
2023-10-05 16:42:58.061 INFO [restartedMain:c.a.n.c.naming] initializer namespace from System Environment :null
2023-10-05 16:42:58.061 INFO [restartedMain:c.a.n.c.naming] initializer namespace from System Property :null
2023-10-05 16:42:58.272 INFO [com.alibaba.nacos.client.remote.worker:c.a.n.c.naming] Grpc connection connect
2023-10-05 16:42:58.506 INFO [restartedMain:c.a.n.c.naming] [SUBSCRIBE-SERVICE] service:providers:com.fanyu.fanyucommon.service.InnerUserService:1.0.1:, group:DEFAULT_GROUP, clusters: 
2023-10-05 16:42:58.554 INFO [restartedMain:c.a.n.c.naming] init new ips(1) service: DEFAULT_GROUP@@providers:com.fanyu.fanyucommon.service.InnerUserService:1.0.1: -> [{"ip":"192.168.138.1","port":20880,"weight":1.0,"healthy":true,"enabled":true,"ephemeral":true,"clusterName":"DEFAULT","serviceName":"DEFAULT_GROUP@@providers:com.fanyu.fanyucommon.service.InnerUserService:1.0.1:","metadata":{"side":"provider","release":"3.0.9","methods":"getInvokeUser","deprecated":"false","dubbo":"2.0.2","pid":"24544","interface":"com.fanyu.fanyucommon.service.InnerUserService","service-name-mapping":"true","version":"1.0.1","generic":"false","revision":"1.0.1","path":"com.fanyu.fanyucommon.service.InnerUserService","protocol":"dubbo","application":"dubbo-provider","background":"false","dynamic":"true","category":"providers","anyhost":"true","timestamp":"1696494774370"},"instanceHeartBeatInterval":5000,"ipDeleteTimeout":30000,"instanceHeartBeatTimeOut":15000}]
2023-10-05 16:42:58.556 INFO [restartedMain:c.a.n.c.naming] current ips:(1) service: DEFAULT_GROUP@@providers:com.fanyu.fanyucommon.service.InnerUserService:1.0.1: -> [{"ip":"192.168.138.1","port":20880,"weight":1.0,"healthy":true,"enabled":true,"ephemeral":true,"clusterName":"DEFAULT","serviceName":"DEFAULT_GROUP@@providers:com.fanyu.fanyucommon.service.InnerUserService:1.0.1:","metadata":{"side":"provider","release":"3.0.9","methods":"getInvokeUser","deprecated":"false","dubbo":"2.0.2","pid":"24544","interface":"com.fanyu.fanyucommon.service.InnerUserService","service-name-mapping":"true","version":"1.0.1","generic":"false","revision":"1.0.1","path":"com.fanyu.fanyucommon.service.InnerUserService","protocol":"dubbo","application":"dubbo-provider","background":"false","dynamic":"true","category":"providers","anyhost":"true","timestamp":"1696494774370"},"instanceHeartBeatInterval":5000,"ipDeleteTimeout":30000,"instanceHeartBeatTimeOut":15000}]
2023-10-05 16:42:58.558 INFO [restartedMain:c.a.n.c.naming] [SUBSCRIBE-SERVICE] service:providers:com.fanyu.fanyucommon.service.InnerUserService:1.0.1, group:DEFAULT_GROUP, clusters: 
2023-10-05 16:42:58.584 INFO [restartedMain:c.a.n.c.naming] init new ips(0) service: DEFAULT_GROUP@@providers:com.fanyu.fanyucommon.service.InnerUserService:1.0.1 -> []
2023-10-05 16:42:58.584 INFO [restartedMain:c.a.n.c.naming] current ips:(0) service: DEFAULT_GROUP@@providers:com.fanyu.fanyucommon.service.InnerUserService:1.0.1 -> []
2023-10-05 16:42:58.736 INFO [restartedMain:c.a.n.c.naming] [SUBSCRIBE-SERVICE] service:providers:com.fanyu.fanyucommon.service.InnerUserService:1.0.1:, group:DEFAULT_GROUP, clusters: 
2023-10-05 16:42:58.737 INFO [restartedMain:c.a.n.c.naming] [SUBSCRIBE-SERVICE] service:providers:com.fanyu.fanyucommon.service.InnerUserService:1.0.1, group:DEFAULT_GROUP, clusters: 
2023-10-05 16:42:58.804 INFO [restartedMain:c.a.n.c.naming] initializer namespace from System Property : null
2023-10-05 16:42:58.805 INFO [restartedMain:c.a.n.c.naming] initializer namespace from System Environment :null
2023-10-05 16:42:58.805 INFO [restartedMain:c.a.n.c.naming] initializer namespace from System Property :null
2023-10-05 16:42:59.010 INFO [com.alibaba.nacos.client.remote.worker:c.a.n.c.naming] Grpc connection connect
2023-10-05 16:42:59.290 INFO [restartedMain:c.a.n.c.naming] [SUBSCRIBE-SERVICE] service:dubbo-provider, group:DEFAULT_GROUP, clusters: 
2023-10-05 16:42:59.315 INFO [restartedMain:c.a.n.c.naming] init new ips(1) service: DEFAULT_GROUP@@dubbo-provider -> [{"ip":"192.168.138.1","port":20880,"weight":1.0,"healthy":true,"enabled":true,"ephemeral":true,"clusterName":"DEFAULT","serviceName":"DEFAULT_GROUP@@dubbo-provider","metadata":{"dubbo.metadata-service.url-params":"{\"connections\":\"1\",\"version\":\"1.0.0\",\"dubbo\":\"2.0.2\",\"release\":\"3.0.9\",\"side\":\"provider\",\"port\":\"20880\",\"protocol\":\"dubbo\"}","dubbo.endpoints":"[{\"port\":20880,\"protocol\":\"dubbo\"}]","dubbo.metadata.revision":"836aeea51a99a54b7125ca7a771f4ebc","dubbo.metadata.storage-type":"local","timestamp":"1696494774726"},"instanceHeartBeatInterval":5000,"ipDeleteTimeout":30000,"instanceHeartBeatTimeOut":15000}]
2023-10-05 16:42:59.316 INFO [restartedMain:c.a.n.c.naming] current ips:(1) service: DEFAULT_GROUP@@dubbo-provider -> [{"ip":"192.168.138.1","port":20880,"weight":1.0,"healthy":true,"enabled":true,"ephemeral":true,"clusterName":"DEFAULT","serviceName":"DEFAULT_GROUP@@dubbo-provider","metadata":{"dubbo.metadata-service.url-params":"{\"connections\":\"1\",\"version\":\"1.0.0\",\"dubbo\":\"2.0.2\",\"release\":\"3.0.9\",\"side\":\"provider\",\"port\":\"20880\",\"protocol\":\"dubbo\"}","dubbo.endpoints":"[{\"port\":20880,\"protocol\":\"dubbo\"}]","dubbo.metadata.revision":"836aeea51a99a54b7125ca7a771f4ebc","dubbo.metadata.storage-type":"local","timestamp":"1696494774726"},"instanceHeartBeatInterval":5000,"ipDeleteTimeout":30000,"instanceHeartBeatTimeOut":15000}]
2023-10-05 16:42:59.443 INFO [restartedMain:c.a.n.c.naming] [SUBSCRIBE-SERVICE] service:dubbo-provider, group:DEFAULT_GROUP, clusters: 
2023-10-05 16:42:59.520 INFO [restartedMain:c.a.n.c.naming] [SUBSCRIBE-SERVICE] service:providers:com.fanyu.fanyucommon.service.InnerUserInterfaceInfoService:1.0.1:, group:DEFAULT_GROUP, clusters: 
2023-10-05 16:42:59.546 INFO [restartedMain:c.a.n.c.naming] init new ips(1) service: DEFAULT_GROUP@@providers:com.fanyu.fanyucommon.service.InnerUserInterfaceInfoService:1.0.1: -> [{"ip":"192.168.138.1","port":20880,"weight":1.0,"healthy":true,"enabled":true,"ephemeral":true,"clusterName":"DEFAULT","serviceName":"DEFAULT_GROUP@@providers:com.fanyu.fanyucommon.service.InnerUserInterfaceInfoService:1.0.1:","metadata":{"side":"provider","release":"3.0.9","methods":"invokeCount","deprecated":"false","dubbo":"2.0.2","pid":"24544","interface":"com.fanyu.fanyucommon.service.InnerUserInterfaceInfoService","service-name-mapping":"true","version":"1.0.1","generic":"false","revision":"1.0.1","path":"com.fanyu.fanyucommon.service.InnerUserInterfaceInfoService","protocol":"dubbo","application":"dubbo-provider","background":"false","dynamic":"true","category":"providers","anyhost":"true","timestamp":"1696494773330"},"instanceHeartBeatInterval":5000,"ipDeleteTimeout":30000,"instanceHeartBeatTimeOut":15000}]
2023-10-05 16:42:59.546 INFO [restartedMain:c.a.n.c.naming] current ips:(1) service: DEFAULT_GROUP@@providers:com.fanyu.fanyucommon.service.InnerUserInterfaceInfoService:1.0.1: -> [{"ip":"192.168.138.1","port":20880,"weight":1.0,"healthy":true,"enabled":true,"ephemeral":true,"clusterName":"DEFAULT","serviceName":"DEFAULT_GROUP@@providers:com.fanyu.fanyucommon.service.InnerUserInterfaceInfoService:1.0.1:","metadata":{"side":"provider","release":"3.0.9","methods":"invokeCount","deprecated":"false","dubbo":"2.0.2","pid":"24544","interface":"com.fanyu.fanyucommon.service.InnerUserInterfaceInfoService","service-name-mapping":"true","version":"1.0.1","generic":"false","revision":"1.0.1","path":"com.fanyu.fanyucommon.service.InnerUserInterfaceInfoService","protocol":"dubbo","application":"dubbo-provider","background":"false","dynamic":"true","category":"providers","anyhost":"true","timestamp":"1696494773330"},"instanceHeartBeatInterval":5000,"ipDeleteTimeout":30000,"instanceHeartBeatTimeOut":15000}]
2023-10-05 16:42:59.548 INFO [restartedMain:c.a.n.c.naming] [SUBSCRIBE-SERVICE] service:providers:com.fanyu.fanyucommon.service.InnerUserInterfaceInfoService:1.0.1, group:DEFAULT_GROUP, clusters: 
2023-10-05 16:42:59.574 INFO [restartedMain:c.a.n.c.naming] init new ips(0) service: DEFAULT_GROUP@@providers:com.fanyu.fanyucommon.service.InnerUserInterfaceInfoService:1.0.1 -> []
2023-10-05 16:42:59.574 INFO [restartedMain:c.a.n.c.naming] current ips:(0) service: DEFAULT_GROUP@@providers:com.fanyu.fanyucommon.service.InnerUserInterfaceInfoService:1.0.1 -> []
2023-10-05 16:42:59.602 INFO [restartedMain:c.a.n.c.naming] [SUBSCRIBE-SERVICE] service:providers:com.fanyu.fanyucommon.service.InnerUserInterfaceInfoService:1.0.1:, group:DEFAULT_GROUP, clusters: 
2023-10-05 16:42:59.602 INFO [restartedMain:c.a.n.c.naming] [SUBSCRIBE-SERVICE] service:providers:com.fanyu.fanyucommon.service.InnerUserInterfaceInfoService:1.0.1, group:DEFAULT_GROUP, clusters: 
2023-10-05 16:42:59.891 INFO [restartedMain:c.a.n.c.naming] [SUBSCRIBE-SERVICE] service:providers:com.fanyu.fanyucommon.service.InnerInterfaceInfoService:1.0.1:, group:DEFAULT_GROUP, clusters: 
2023-10-05 16:42:59.917 INFO [restartedMain:c.a.n.c.naming] init new ips(1) service: DEFAULT_GROUP@@providers:com.fanyu.fanyucommon.service.InnerInterfaceInfoService:1.0.1: -> [{"ip":"192.168.138.1","port":20880,"weight":1.0,"healthy":true,"enabled":true,"ephemeral":true,"clusterName":"DEFAULT","serviceName":"DEFAULT_GROUP@@providers:com.fanyu.fanyucommon.service.InnerInterfaceInfoService:1.0.1:","metadata":{"side":"provider","release":"3.0.9","methods":"getInterfaceInfo","deprecated":"false","dubbo":"2.0.2","pid":"24544","interface":"com.fanyu.fanyucommon.service.InnerInterfaceInfoService","service-name-mapping":"true","version":"1.0.1","generic":"false","revision":"1.0.1","path":"com.fanyu.fanyucommon.service.InnerInterfaceInfoService","protocol":"dubbo","application":"dubbo-provider","background":"false","dynamic":"true","category":"providers","anyhost":"true","timestamp":"1696494774726"},"instanceHeartBeatInterval":5000,"ipDeleteTimeout":30000,"instanceHeartBeatTimeOut":15000}]
2023-10-05 16:42:59.917 INFO [restartedMain:c.a.n.c.naming] current ips:(1) service: DEFAULT_GROUP@@providers:com.fanyu.fanyucommon.service.InnerInterfaceInfoService:1.0.1: -> [{"ip":"192.168.138.1","port":20880,"weight":1.0,"healthy":true,"enabled":true,"ephemeral":true,"clusterName":"DEFAULT","serviceName":"DEFAULT_GROUP@@providers:com.fanyu.fanyucommon.service.InnerInterfaceInfoService:1.0.1:","metadata":{"side":"provider","release":"3.0.9","methods":"getInterfaceInfo","deprecated":"false","dubbo":"2.0.2","pid":"24544","interface":"com.fanyu.fanyucommon.service.InnerInterfaceInfoService","service-name-mapping":"true","version":"1.0.1","generic":"false","revision":"1.0.1","path":"com.fanyu.fanyucommon.service.InnerInterfaceInfoService","protocol":"dubbo","application":"dubbo-provider","background":"false","dynamic":"true","category":"providers","anyhost":"true","timestamp":"1696494774726"},"instanceHeartBeatInterval":5000,"ipDeleteTimeout":30000,"instanceHeartBeatTimeOut":15000}]
2023-10-05 16:42:59.917 INFO [restartedMain:c.a.n.c.naming] [SUBSCRIBE-SERVICE] service:providers:com.fanyu.fanyucommon.service.InnerInterfaceInfoService:1.0.1, group:DEFAULT_GROUP, clusters: 
2023-10-05 16:42:59.943 INFO [restartedMain:c.a.n.c.naming] init new ips(0) service: DEFAULT_GROUP@@providers:com.fanyu.fanyucommon.service.InnerInterfaceInfoService:1.0.1 -> []
2023-10-05 16:42:59.943 INFO [restartedMain:c.a.n.c.naming] current ips:(0) service: DEFAULT_GROUP@@providers:com.fanyu.fanyucommon.service.InnerInterfaceInfoService:1.0.1 -> []
2023-10-05 16:42:59.969 INFO [restartedMain:c.a.n.c.naming] [SUBSCRIBE-SERVICE] service:providers:com.fanyu.fanyucommon.service.InnerInterfaceInfoService:1.0.1:, group:DEFAULT_GROUP, clusters: 
2023-10-05 16:42:59.969 INFO [restartedMain:c.a.n.c.naming] [SUBSCRIBE-SERVICE] service:providers:com.fanyu.fanyucommon.service.InnerInterfaceInfoService:1.0.1, group:DEFAULT_GROUP, clusters: 
2023-10-05 16:43:00.560 INFO [restartedMain:c.a.n.c.naming] [SUBSCRIBE-SERVICE] service:providers:org.apache.dubbo.metadata.MetadataService:1.0.0:dubbo-provider, group:DEFAULT_GROUP, clusters: 
2023-10-05 16:43:00.586 INFO [restartedMain:c.a.n.c.naming] init new ips(0) service: DEFAULT_GROUP@@providers:org.apache.dubbo.metadata.MetadataService:1.0.0:dubbo-provider -> []
2023-10-05 16:43:00.586 INFO [restartedMain:c.a.n.c.naming] current ips:(0) service: DEFAULT_GROUP@@providers:org.apache.dubbo.metadata.MetadataService:1.0.0:dubbo-provider -> []
2023-10-05 16:43:00.587 INFO [restartedMain:c.a.n.c.naming] [SUBSCRIBE-SERVICE] service:providers:org.apache.dubbo.metadata.MetadataService:1.0.0:dubbo-provider, group:DEFAULT_GROUP, clusters: 
2023-10-05 16:47:45.891 INFO [DubboShutdownHook:c.a.n.c.naming] com.alibaba.nacos.client.naming.cache.ServiceInfoHolder do shutdown begin
2023-10-05 16:47:45.891 INFO [DubboShutdownHook:c.a.n.c.naming] com.alibaba.nacos.client.naming.backups.FailoverReactor do shutdown begin
2023-10-05 16:47:45.891 INFO [SpringApplicationShutdownHook:c.a.n.c.naming] [DEREGISTER-SERVICE] public deregistering service consumers:com.fanyu.fanyucommon.service.InnerUserInterfaceInfoService:1.0.1: with instance: Instance{instanceId='null', ip='192.168.138.1', port=0, weight=1.0, healthy=true, enabled=true, ephemeral=true, clusterName='DEFAULT', serviceName='null', metadata={}}
2023-10-05 16:47:45.891 INFO [DubboShutdownHook:c.a.n.c.naming] com.alibaba.nacos.client.naming.backups.FailoverReactor do shutdown stop
2023-10-05 16:47:45.891 INFO [DubboShutdownHook:c.a.n.c.naming] com.alibaba.nacos.client.naming.cache.ServiceInfoHolder do shutdown stop
2023-10-05 16:47:45.891 INFO [DubboShutdownHook:c.a.n.c.naming] com.alibaba.nacos.client.naming.remote.NamingClientProxyDelegate do shutdown begin
2023-10-05 16:47:45.891 INFO [DubboShutdownHook:c.a.n.c.naming] com.alibaba.nacos.client.naming.core.ServiceInfoUpdateService do shutdown begin
2023-10-05 16:47:45.919 INFO [SpringApplicationShutdownHook:c.a.n.c.naming] [DEREGISTER-SERVICE] public deregistering service consumers:com.fanyu.fanyucommon.service.InnerUserService:1.0.1: with instance: Instance{instanceId='null', ip='192.168.138.1', port=0, weight=1.0, healthy=true, enabled=true, ephemeral=true, clusterName='DEFAULT', serviceName='null', metadata={}}
2023-10-05 16:47:45.945 INFO [SpringApplicationShutdownHook:c.a.n.c.naming] [DEREGISTER-SERVICE] public deregistering service consumers:com.fanyu.fanyucommon.service.InnerInterfaceInfoService:1.0.1: with instance: Instance{instanceId='null', ip='192.168.138.1', port=0, weight=1.0, healthy=true, enabled=true, ephemeral=true, clusterName='DEFAULT', serviceName='null', metadata={}}
2023-10-05 16:48:04.336 INFO [restartedMain:c.a.n.c.naming] initializer namespace from System Property : null
2023-10-05 16:48:04.336 INFO [restartedMain:c.a.n.c.naming] initializer namespace from System Environment :null
2023-10-05 16:48:04.336 INFO [restartedMain:c.a.n.c.naming] initializer namespace from System Property :null
2023-10-05 16:48:04.549 INFO [com.alibaba.nacos.client.remote.worker:c.a.n.c.naming] Grpc connection connect
2023-10-05 16:48:04.751 INFO [restartedMain:c.a.n.c.naming] [SUBSCRIBE-SERVICE] service:providers:com.fanyu.fanyucommon.service.InnerUserService:1.0.1:, group:DEFAULT_GROUP, clusters: 
2023-10-05 16:48:04.791 INFO [restartedMain:c.a.n.c.naming] [SUBSCRIBE-SERVICE] service:providers:com.fanyu.fanyucommon.service.InnerUserService:1.0.1, group:DEFAULT_GROUP, clusters: 
2023-10-05 16:48:04.816 INFO [restartedMain:c.a.n.c.naming] init new ips(0) service: DEFAULT_GROUP@@providers:com.fanyu.fanyucommon.service.InnerUserService:1.0.1 -> []
2023-10-05 16:48:04.816 INFO [restartedMain:c.a.n.c.naming] current ips:(0) service: DEFAULT_GROUP@@providers:com.fanyu.fanyucommon.service.InnerUserService:1.0.1 -> []
2023-10-05 16:48:04.959 INFO [restartedMain:c.a.n.c.naming] [SUBSCRIBE-SERVICE] service:providers:com.fanyu.fanyucommon.service.InnerUserService:1.0.1:, group:DEFAULT_GROUP, clusters: 
2023-10-05 16:48:04.959 INFO [restartedMain:c.a.n.c.naming] [SUBSCRIBE-SERVICE] service:providers:com.fanyu.fanyucommon.service.InnerUserService:1.0.1, group:DEFAULT_GROUP, clusters: 
2023-10-05 16:48:05.010 INFO [restartedMain:c.a.n.c.naming] initializer namespace from System Property : null
2023-10-05 16:48:05.010 INFO [restartedMain:c.a.n.c.naming] initializer namespace from System Environment :null
2023-10-05 16:48:05.010 INFO [restartedMain:c.a.n.c.naming] initializer namespace from System Property :null
2023-10-05 16:48:05.202 INFO [com.alibaba.nacos.client.remote.worker:c.a.n.c.naming] Grpc connection connect
2023-10-05 16:48:05.588 INFO [restartedMain:c.a.n.c.naming] [SUBSCRIBE-SERVICE] service:dubbo-provider, group:DEFAULT_GROUP, clusters: 
2023-10-05 16:48:05.673 INFO [restartedMain:c.a.n.c.naming] [SUBSCRIBE-SERVICE] service:providers:com.fanyu.fanyucommon.service.InnerUserInterfaceInfoService:1.0.1:, group:DEFAULT_GROUP, clusters: 
2023-10-05 16:48:05.698 INFO [restartedMain:c.a.n.c.naming] [SUBSCRIBE-SERVICE] service:providers:com.fanyu.fanyucommon.service.InnerUserInterfaceInfoService:1.0.1, group:DEFAULT_GROUP, clusters: 
2023-10-05 16:48:05.724 INFO [restartedMain:c.a.n.c.naming] init new ips(0) service: DEFAULT_GROUP@@providers:com.fanyu.fanyucommon.service.InnerUserInterfaceInfoService:1.0.1 -> []
2023-10-05 16:48:05.724 INFO [restartedMain:c.a.n.c.naming] current ips:(0) service: DEFAULT_GROUP@@providers:com.fanyu.fanyucommon.service.InnerUserInterfaceInfoService:1.0.1 -> []
2023-10-05 16:48:05.749 INFO [restartedMain:c.a.n.c.naming] [SUBSCRIBE-SERVICE] service:providers:com.fanyu.fanyucommon.service.InnerUserInterfaceInfoService:1.0.1:, group:DEFAULT_GROUP, clusters: 
2023-10-05 16:48:05.750 INFO [restartedMain:c.a.n.c.naming] [SUBSCRIBE-SERVICE] service:providers:com.fanyu.fanyucommon.service.InnerUserInterfaceInfoService:1.0.1, group:DEFAULT_GROUP, clusters: 
2023-10-05 16:48:06.029 INFO [restartedMain:c.a.n.c.naming] [SUBSCRIBE-SERVICE] service:providers:com.fanyu.fanyucommon.service.InnerInterfaceInfoService:1.0.1:, group:DEFAULT_GROUP, clusters: 
2023-10-05 16:48:06.055 INFO [restartedMain:c.a.n.c.naming] [SUBSCRIBE-SERVICE] service:providers:com.fanyu.fanyucommon.service.InnerInterfaceInfoService:1.0.1, group:DEFAULT_GROUP, clusters: 
2023-10-05 16:48:06.079 INFO [restartedMain:c.a.n.c.naming] init new ips(0) service: DEFAULT_GROUP@@providers:com.fanyu.fanyucommon.service.InnerInterfaceInfoService:1.0.1 -> []
2023-10-05 16:48:06.079 INFO [restartedMain:c.a.n.c.naming] current ips:(0) service: DEFAULT_GROUP@@providers:com.fanyu.fanyucommon.service.InnerInterfaceInfoService:1.0.1 -> []
2023-10-05 16:48:06.102 INFO [restartedMain:c.a.n.c.naming] [SUBSCRIBE-SERVICE] service:providers:com.fanyu.fanyucommon.service.InnerInterfaceInfoService:1.0.1:, group:DEFAULT_GROUP, clusters: 
2023-10-05 16:48:06.102 INFO [restartedMain:c.a.n.c.naming] [SUBSCRIBE-SERVICE] service:providers:com.fanyu.fanyucommon.service.InnerInterfaceInfoService:1.0.1, group:DEFAULT_GROUP, clusters: 
2023-10-05 16:48:06.664 INFO [restartedMain:c.a.n.c.naming] [SUBSCRIBE-SERVICE] service:providers:org.apache.dubbo.metadata.MetadataService:1.0.0:dubbo-provider, group:DEFAULT_GROUP, clusters: 
2023-10-05 16:48:06.688 INFO [restartedMain:c.a.n.c.naming] init new ips(0) service: DEFAULT_GROUP@@providers:org.apache.dubbo.metadata.MetadataService:1.0.0:dubbo-provider -> []
2023-10-05 16:48:06.688 INFO [restartedMain:c.a.n.c.naming] current ips:(0) service: DEFAULT_GROUP@@providers:org.apache.dubbo.metadata.MetadataService:1.0.0:dubbo-provider -> []
2023-10-05 16:48:06.689 INFO [restartedMain:c.a.n.c.naming] [SUBSCRIBE-SERVICE] service:providers:org.apache.dubbo.metadata.MetadataService:1.0.0:dubbo-provider, group:DEFAULT_GROUP, clusters: 
2023-10-05 16:48:19.950 INFO [Thread-2:c.a.n.c.naming] [DEREGISTER-SERVICE] public deregistering service consumers:com.fanyu.fanyucommon.service.InnerUserInterfaceInfoService:1.0.1: with instance: Instance{instanceId='null', ip='192.168.138.1', port=0, weight=1.0, healthy=true, enabled=true, ephemeral=true, clusterName='DEFAULT', serviceName='null', metadata={}}
2023-10-05 16:48:20.031 INFO [Thread-2:c.a.n.c.naming] [DEREGISTER-SERVICE] public deregistering service consumers:com.fanyu.fanyucommon.service.InnerUserService:1.0.1: with instance: Instance{instanceId='null', ip='192.168.138.1', port=0, weight=1.0, healthy=true, enabled=true, ephemeral=true, clusterName='DEFAULT', serviceName='null', metadata={}}
2023-10-05 16:48:20.103 INFO [Thread-2:c.a.n.c.naming] [DEREGISTER-SERVICE] public deregistering service consumers:com.fanyu.fanyucommon.service.InnerInterfaceInfoService:1.0.1: with instance: Instance{instanceId='null', ip='192.168.138.1', port=0, weight=1.0, healthy=true, enabled=true, ephemeral=true, clusterName='DEFAULT', serviceName='null', metadata={}}
2023-10-05 16:48:20.179 INFO [Thread-2:c.a.n.c.naming] com.alibaba.nacos.client.naming.cache.ServiceInfoHolder do shutdown begin
2023-10-05 16:48:20.179 INFO [Thread-2:c.a.n.c.naming] com.alibaba.nacos.client.naming.backups.FailoverReactor do shutdown begin
2023-10-05 16:48:20.179 INFO [Thread-2:c.a.n.c.naming] com.alibaba.nacos.client.naming.backups.FailoverReactor do shutdown stop
2023-10-05 16:48:20.179 INFO [Thread-2:c.a.n.c.naming] com.alibaba.nacos.client.naming.cache.ServiceInfoHolder do shutdown stop
2023-10-05 16:48:20.179 INFO [Thread-2:c.a.n.c.naming] com.alibaba.nacos.client.naming.remote.NamingClientProxyDelegate do shutdown begin
2023-10-05 16:48:20.179 INFO [Thread-2:c.a.n.c.naming] com.alibaba.nacos.client.naming.core.ServiceInfoUpdateService do shutdown begin
2023-10-05 16:48:20.496 INFO [Thread-2:c.a.n.c.naming] com.alibaba.nacos.client.naming.core.ServiceInfoUpdateService do shutdown stop
2023-10-05 16:48:20.496 INFO [Thread-2:c.a.n.c.naming] com.alibaba.nacos.client.naming.core.ServerListManager do shutdown begin
2023-10-05 16:48:20.496 WARN [Thread-2:c.a.n.c.naming] [NamingHttpClientManager] Start destroying NacosRestTemplate
2023-10-05 16:48:20.496 WARN [Thread-2:c.a.n.c.naming] [NamingHttpClientManager] Destruction of the end
2023-10-05 16:48:20.496 INFO [Thread-2:c.a.n.c.naming] com.alibaba.nacos.client.naming.core.ServerListManager do shutdown stop
2023-10-05 16:48:20.496 INFO [Thread-2:c.a.n.c.naming] com.alibaba.nacos.client.naming.remote.http.NamingHttpClientProxy do shutdown begin
2023-10-05 16:48:20.496 INFO [Thread-2:c.a.n.c.naming] com.alibaba.nacos.client.naming.beat.BeatReactor do shutdown begin
2023-10-05 16:48:20.496 INFO [Thread-2:c.a.n.c.naming] com.alibaba.nacos.client.naming.beat.BeatReactor do shutdown stop
2023-10-05 16:48:20.496 WARN [Thread-2:c.a.n.c.naming] [NamingHttpClientManager] Start destroying NacosRestTemplate
2023-10-05 16:48:20.496 WARN [Thread-2:c.a.n.c.naming] [NamingHttpClientManager] Destruction of the end
2023-10-05 16:48:20.496 INFO [Thread-2:c.a.n.c.naming] com.alibaba.nacos.client.naming.remote.http.NamingHttpClientProxy do shutdown stop
2023-10-05 16:48:20.500 INFO [Thread-2:c.a.n.c.naming] Shutdown grpc redo service executor java.util.concurrent.ScheduledThreadPoolExecutor@4ca41c72[Running, pool size = 1, active threads = 0, queued tasks = 1, completed tasks = 5]
2023-10-05 16:48:20.501 INFO [Thread-2:c.a.n.c.naming] com.alibaba.nacos.client.naming.remote.NamingClientProxyDelegate do shutdown stop
2023-10-05 16:49:44.939 INFO [restartedMain:c.a.n.c.naming] initializer namespace from System Property : null
2023-10-05 16:49:44.939 INFO [restartedMain:c.a.n.c.naming] initializer namespace from System Environment :null
2023-10-05 16:49:44.939 INFO [restartedMain:c.a.n.c.naming] initializer namespace from System Property :null
2023-10-05 16:49:45.171 INFO [com.alibaba.nacos.client.remote.worker:c.a.n.c.naming] Grpc connection connect
2023-10-05 16:49:45.383 INFO [restartedMain:c.a.n.c.naming] [SUBSCRIBE-SERVICE] service:providers:com.fanyu.fanyucommon.service.InnerUserService:1.0.1:, group:DEFAULT_GROUP, clusters: 
2023-10-05 16:49:45.422 INFO [restartedMain:c.a.n.c.naming] [SUBSCRIBE-SERVICE] service:providers:com.fanyu.fanyucommon.service.InnerUserService:1.0.1, group:DEFAULT_GROUP, clusters: 
2023-10-05 16:49:45.451 INFO [restartedMain:c.a.n.c.naming] init new ips(0) service: DEFAULT_GROUP@@providers:com.fanyu.fanyucommon.service.InnerUserService:1.0.1 -> []
2023-10-05 16:49:45.451 INFO [restartedMain:c.a.n.c.naming] current ips:(0) service: DEFAULT_GROUP@@providers:com.fanyu.fanyucommon.service.InnerUserService:1.0.1 -> []
2023-10-05 16:49:45.608 INFO [restartedMain:c.a.n.c.naming] [SUBSCRIBE-SERVICE] service:providers:com.fanyu.fanyucommon.service.InnerUserService:1.0.1:, group:DEFAULT_GROUP, clusters: 
2023-10-05 16:49:45.608 INFO [restartedMain:c.a.n.c.naming] [SUBSCRIBE-SERVICE] service:providers:com.fanyu.fanyucommon.service.InnerUserService:1.0.1, group:DEFAULT_GROUP, clusters: 
2023-10-05 16:49:45.659 INFO [restartedMain:c.a.n.c.naming] initializer namespace from System Property : null
2023-10-05 16:49:45.659 INFO [restartedMain:c.a.n.c.naming] initializer namespace from System Environment :null
2023-10-05 16:49:45.659 INFO [restartedMain:c.a.n.c.naming] initializer namespace from System Property :null
2023-10-05 16:49:45.863 INFO [com.alibaba.nacos.client.remote.worker:c.a.n.c.naming] Grpc connection connect
2023-10-05 16:49:46.267 INFO [restartedMain:c.a.n.c.naming] [SUBSCRIBE-SERVICE] service:dubbo-provider, group:DEFAULT_GROUP, clusters: 
2023-10-05 16:49:46.378 INFO [restartedMain:c.a.n.c.naming] [SUBSCRIBE-SERVICE] service:providers:com.fanyu.fanyucommon.service.InnerUserInterfaceInfoService:1.0.1:, group:DEFAULT_GROUP, clusters: 
2023-10-05 16:49:46.409 INFO [restartedMain:c.a.n.c.naming] [SUBSCRIBE-SERVICE] service:providers:com.fanyu.fanyucommon.service.InnerUserInterfaceInfoService:1.0.1, group:DEFAULT_GROUP, clusters: 
2023-10-05 16:49:46.438 INFO [restartedMain:c.a.n.c.naming] init new ips(0) service: DEFAULT_GROUP@@providers:com.fanyu.fanyucommon.service.InnerUserInterfaceInfoService:1.0.1 -> []
2023-10-05 16:49:46.438 INFO [restartedMain:c.a.n.c.naming] current ips:(0) service: DEFAULT_GROUP@@providers:com.fanyu.fanyucommon.service.InnerUserInterfaceInfoService:1.0.1 -> []
2023-10-05 16:49:46.464 INFO [restartedMain:c.a.n.c.naming] [SUBSCRIBE-SERVICE] service:providers:com.fanyu.fanyucommon.service.InnerUserInterfaceInfoService:1.0.1:, group:DEFAULT_GROUP, clusters: 
2023-10-05 16:49:46.465 INFO [restartedMain:c.a.n.c.naming] [SUBSCRIBE-SERVICE] service:providers:com.fanyu.fanyucommon.service.InnerUserInterfaceInfoService:1.0.1, group:DEFAULT_GROUP, clusters: 
2023-10-05 16:49:46.754 INFO [restartedMain:c.a.n.c.naming] [SUBSCRIBE-SERVICE] service:providers:com.fanyu.fanyucommon.service.InnerInterfaceInfoService:1.0.1:, group:DEFAULT_GROUP, clusters: 
2023-10-05 16:49:46.784 INFO [restartedMain:c.a.n.c.naming] [SUBSCRIBE-SERVICE] service:providers:com.fanyu.fanyucommon.service.InnerInterfaceInfoService:1.0.1, group:DEFAULT_GROUP, clusters: 
2023-10-05 16:49:46.813 INFO [restartedMain:c.a.n.c.naming] init new ips(0) service: DEFAULT_GROUP@@providers:com.fanyu.fanyucommon.service.InnerInterfaceInfoService:1.0.1 -> []
2023-10-05 16:49:46.814 INFO [restartedMain:c.a.n.c.naming] current ips:(0) service: DEFAULT_GROUP@@providers:com.fanyu.fanyucommon.service.InnerInterfaceInfoService:1.0.1 -> []
2023-10-05 16:49:46.837 INFO [restartedMain:c.a.n.c.naming] [SUBSCRIBE-SERVICE] service:providers:com.fanyu.fanyucommon.service.InnerInterfaceInfoService:1.0.1:, group:DEFAULT_GROUP, clusters: 
2023-10-05 16:49:46.837 INFO [restartedMain:c.a.n.c.naming] [SUBSCRIBE-SERVICE] service:providers:com.fanyu.fanyucommon.service.InnerInterfaceInfoService:1.0.1, group:DEFAULT_GROUP, clusters: 
2023-10-05 16:49:47.430 INFO [restartedMain:c.a.n.c.naming] [SUBSCRIBE-SERVICE] service:providers:org.apache.dubbo.metadata.MetadataService:1.0.0:dubbo-provider, group:DEFAULT_GROUP, clusters: 
2023-10-05 16:49:47.457 INFO [restartedMain:c.a.n.c.naming] init new ips(0) service: DEFAULT_GROUP@@providers:org.apache.dubbo.metadata.MetadataService:1.0.0:dubbo-provider -> []
2023-10-05 16:49:47.457 INFO [restartedMain:c.a.n.c.naming] current ips:(0) service: DEFAULT_GROUP@@providers:org.apache.dubbo.metadata.MetadataService:1.0.0:dubbo-provider -> []
2023-10-05 16:49:47.458 INFO [restartedMain:c.a.n.c.naming] [SUBSCRIBE-SERVICE] service:providers:org.apache.dubbo.metadata.MetadataService:1.0.0:dubbo-provider, group:DEFAULT_GROUP, clusters: 
2023-10-05 16:54:34.857 INFO [DubboShutdownHook:c.a.n.c.naming] com.alibaba.nacos.client.naming.cache.ServiceInfoHolder do shutdown begin
2023-10-05 16:54:34.858 INFO [DubboShutdownHook:c.a.n.c.naming] com.alibaba.nacos.client.naming.backups.FailoverReactor do shutdown begin
2023-10-05 16:54:34.858 INFO [SpringApplicationShutdownHook:c.a.n.c.naming] [DEREGISTER-SERVICE] public deregistering service consumers:com.fanyu.fanyucommon.service.InnerUserInterfaceInfoService:1.0.1: with instance: Instance{instanceId='null', ip='192.168.138.1', port=0, weight=1.0, healthy=true, enabled=true, ephemeral=true, clusterName='DEFAULT', serviceName='null', metadata={}}
2023-10-05 16:54:34.858 INFO [DubboShutdownHook:c.a.n.c.naming] com.alibaba.nacos.client.naming.backups.FailoverReactor do shutdown stop
2023-10-05 16:54:34.858 INFO [DubboShutdownHook:c.a.n.c.naming] com.alibaba.nacos.client.naming.cache.ServiceInfoHolder do shutdown stop
2023-10-05 16:54:34.858 INFO [DubboShutdownHook:c.a.n.c.naming] com.alibaba.nacos.client.naming.remote.NamingClientProxyDelegate do shutdown begin
2023-10-05 16:54:34.858 INFO [DubboShutdownHook:c.a.n.c.naming] com.alibaba.nacos.client.naming.core.ServiceInfoUpdateService do shutdown begin
2023-10-05 16:54:34.891 INFO [SpringApplicationShutdownHook:c.a.n.c.naming] [DEREGISTER-SERVICE] public deregistering service consumers:com.fanyu.fanyucommon.service.InnerUserService:1.0.1: with instance: Instance{instanceId='null', ip='192.168.138.1', port=0, weight=1.0, healthy=true, enabled=true, ephemeral=true, clusterName='DEFAULT', serviceName='null', metadata={}}
2023-10-05 16:54:34.918 INFO [SpringApplicationShutdownHook:c.a.n.c.naming] [DEREGISTER-SERVICE] public deregistering service consumers:com.fanyu.fanyucommon.service.InnerInterfaceInfoService:1.0.1: with instance: Instance{instanceId='null', ip='192.168.138.1', port=0, weight=1.0, healthy=true, enabled=true, ephemeral=true, clusterName='DEFAULT', serviceName='null', metadata={}}
2023-10-05 16:54:52.829 INFO [restartedMain:c.a.n.c.naming] initializer namespace from System Property : null
2023-10-05 16:54:52.829 INFO [restartedMain:c.a.n.c.naming] initializer namespace from System Environment :null
2023-10-05 16:54:52.830 INFO [restartedMain:c.a.n.c.naming] initializer namespace from System Property :null
2023-10-05 16:54:53.037 INFO [com.alibaba.nacos.client.remote.worker:c.a.n.c.naming] Grpc connection connect
2023-10-05 16:54:53.268 INFO [restartedMain:c.a.n.c.naming] [SUBSCRIBE-SERVICE] service:providers:com.fanyu.fanyucommon.service.InnerUserService:1.0.1:, group:DEFAULT_GROUP, clusters: 
2023-10-05 16:54:53.302 INFO [restartedMain:c.a.n.c.naming] [SUBSCRIBE-SERVICE] service:providers:com.fanyu.fanyucommon.service.InnerUserService:1.0.1, group:DEFAULT_GROUP, clusters: 
2023-10-05 16:54:53.327 INFO [restartedMain:c.a.n.c.naming] init new ips(0) service: DEFAULT_GROUP@@providers:com.fanyu.fanyucommon.service.InnerUserService:1.0.1 -> []
2023-10-05 16:54:53.327 INFO [restartedMain:c.a.n.c.naming] current ips:(0) service: DEFAULT_GROUP@@providers:com.fanyu.fanyucommon.service.InnerUserService:1.0.1 -> []
2023-10-05 16:54:53.472 INFO [restartedMain:c.a.n.c.naming] [SUBSCRIBE-SERVICE] service:providers:com.fanyu.fanyucommon.service.InnerUserService:1.0.1:, group:DEFAULT_GROUP, clusters: 
2023-10-05 16:54:53.472 INFO [restartedMain:c.a.n.c.naming] [SUBSCRIBE-SERVICE] service:providers:com.fanyu.fanyucommon.service.InnerUserService:1.0.1, group:DEFAULT_GROUP, clusters: 
2023-10-05 16:54:53.534 INFO [restartedMain:c.a.n.c.naming] initializer namespace from System Property : null
2023-10-05 16:54:53.534 INFO [restartedMain:c.a.n.c.naming] initializer namespace from System Environment :null
2023-10-05 16:54:53.534 INFO [restartedMain:c.a.n.c.naming] initializer namespace from System Property :null
2023-10-05 16:54:53.732 INFO [com.alibaba.nacos.client.remote.worker:c.a.n.c.naming] Grpc connection connect
2023-10-05 16:54:54.133 INFO [restartedMain:c.a.n.c.naming] [SUBSCRIBE-SERVICE] service:dubbo-provider, group:DEFAULT_GROUP, clusters: 
2023-10-05 16:54:54.224 INFO [restartedMain:c.a.n.c.naming] [SUBSCRIBE-SERVICE] service:providers:com.fanyu.fanyucommon.service.InnerUserInterfaceInfoService:1.0.1:, group:DEFAULT_GROUP, clusters: 
2023-10-05 16:54:54.248 INFO [restartedMain:c.a.n.c.naming] [SUBSCRIBE-SERVICE] service:providers:com.fanyu.fanyucommon.service.InnerUserInterfaceInfoService:1.0.1, group:DEFAULT_GROUP, clusters: 
2023-10-05 16:54:54.271 INFO [restartedMain:c.a.n.c.naming] init new ips(0) service: DEFAULT_GROUP@@providers:com.fanyu.fanyucommon.service.InnerUserInterfaceInfoService:1.0.1 -> []
2023-10-05 16:54:54.271 INFO [restartedMain:c.a.n.c.naming] current ips:(0) service: DEFAULT_GROUP@@providers:com.fanyu.fanyucommon.service.InnerUserInterfaceInfoService:1.0.1 -> []
2023-10-05 16:54:54.298 INFO [restartedMain:c.a.n.c.naming] [SUBSCRIBE-SERVICE] service:providers:com.fanyu.fanyucommon.service.InnerUserInterfaceInfoService:1.0.1:, group:DEFAULT_GROUP, clusters: 
2023-10-05 16:54:54.299 INFO [restartedMain:c.a.n.c.naming] [SUBSCRIBE-SERVICE] service:providers:com.fanyu.fanyucommon.service.InnerUserInterfaceInfoService:1.0.1, group:DEFAULT_GROUP, clusters: 
2023-10-05 16:54:54.608 INFO [restartedMain:c.a.n.c.naming] [SUBSCRIBE-SERVICE] service:providers:com.fanyu.fanyucommon.service.InnerInterfaceInfoService:1.0.1:, group:DEFAULT_GROUP, clusters: 
2023-10-05 16:54:54.631 INFO [restartedMain:c.a.n.c.naming] [SUBSCRIBE-SERVICE] service:providers:com.fanyu.fanyucommon.service.InnerInterfaceInfoService:1.0.1, group:DEFAULT_GROUP, clusters: 
2023-10-05 16:54:54.653 INFO [restartedMain:c.a.n.c.naming] init new ips(0) service: DEFAULT_GROUP@@providers:com.fanyu.fanyucommon.service.InnerInterfaceInfoService:1.0.1 -> []
2023-10-05 16:54:54.654 INFO [restartedMain:c.a.n.c.naming] current ips:(0) service: DEFAULT_GROUP@@providers:com.fanyu.fanyucommon.service.InnerInterfaceInfoService:1.0.1 -> []
2023-10-05 16:54:54.680 INFO [restartedMain:c.a.n.c.naming] [SUBSCRIBE-SERVICE] service:providers:com.fanyu.fanyucommon.service.InnerInterfaceInfoService:1.0.1:, group:DEFAULT_GROUP, clusters: 
2023-10-05 16:54:54.680 INFO [restartedMain:c.a.n.c.naming] [SUBSCRIBE-SERVICE] service:providers:com.fanyu.fanyucommon.service.InnerInterfaceInfoService:1.0.1, group:DEFAULT_GROUP, clusters: 
2023-10-05 16:54:55.269 INFO [restartedMain:c.a.n.c.naming] [SUBSCRIBE-SERVICE] service:providers:org.apache.dubbo.metadata.MetadataService:1.0.0:dubbo-provider, group:DEFAULT_GROUP, clusters: 
2023-10-05 16:54:55.292 INFO [restartedMain:c.a.n.c.naming] init new ips(0) service: DEFAULT_GROUP@@providers:org.apache.dubbo.metadata.MetadataService:1.0.0:dubbo-provider -> []
2023-10-05 16:54:55.292 INFO [restartedMain:c.a.n.c.naming] current ips:(0) service: DEFAULT_GROUP@@providers:org.apache.dubbo.metadata.MetadataService:1.0.0:dubbo-provider -> []
2023-10-05 16:54:55.293 INFO [restartedMain:c.a.n.c.naming] [SUBSCRIBE-SERVICE] service:providers:org.apache.dubbo.metadata.MetadataService:1.0.0:dubbo-provider, group:DEFAULT_GROUP, clusters: 
2023-10-05 17:13:59.559 INFO [nacos-grpc-client-executor-124.70.61.81-364:c.a.n.c.naming] removed ips(1) service: DEFAULT_GROUP@@providers:com.fanyu.fanyucommon.service.InnerUserInterfaceInfoService:1.0.1: -> [{"ip":"192.168.138.1","port":20880,"weight":1.0,"healthy":true,"enabled":true,"ephemeral":true,"clusterName":"DEFAULT","serviceName":"DEFAULT_GROUP@@providers:com.fanyu.fanyucommon.service.InnerUserInterfaceInfoService:1.0.1:","metadata":{"side":"provider","release":"3.0.9","methods":"invokeCount","deprecated":"false","dubbo":"2.0.2","pid":"24544","interface":"com.fanyu.fanyucommon.service.InnerUserInterfaceInfoService","service-name-mapping":"true","version":"1.0.1","generic":"false","revision":"1.0.1","path":"com.fanyu.fanyucommon.service.InnerUserInterfaceInfoService","protocol":"dubbo","application":"dubbo-provider","background":"false","dynamic":"true","category":"providers","anyhost":"true","timestamp":"1696494773330"},"instanceHeartBeatInterval":5000,"instanceHeartBeatTimeOut":15000,"ipDeleteTimeout":30000}]
2023-10-05 17:13:59.559 INFO [nacos-grpc-client-executor-124.70.61.81-364:c.a.n.c.naming] current ips:(0) service: DEFAULT_GROUP@@providers:com.fanyu.fanyucommon.service.InnerUserInterfaceInfoService:1.0.1: -> []
2023-10-05 17:13:59.564 INFO [nacos-grpc-client-executor-124.70.61.81-365:c.a.n.c.naming] removed ips(1) service: DEFAULT_GROUP@@providers:com.fanyu.fanyucommon.service.InnerUserService:1.0.1: -> [{"ip":"192.168.138.1","port":20880,"weight":1.0,"healthy":true,"enabled":true,"ephemeral":true,"clusterName":"DEFAULT","serviceName":"DEFAULT_GROUP@@providers:com.fanyu.fanyucommon.service.InnerUserService:1.0.1:","metadata":{"side":"provider","release":"3.0.9","methods":"getInvokeUser","deprecated":"false","dubbo":"2.0.2","pid":"24544","interface":"com.fanyu.fanyucommon.service.InnerUserService","service-name-mapping":"true","version":"1.0.1","generic":"false","revision":"1.0.1","path":"com.fanyu.fanyucommon.service.InnerUserService","protocol":"dubbo","application":"dubbo-provider","background":"false","dynamic":"true","category":"providers","anyhost":"true","timestamp":"1696494774370"},"instanceHeartBeatInterval":5000,"instanceHeartBeatTimeOut":15000,"ipDeleteTimeout":30000}]
2023-10-05 17:13:59.564 INFO [nacos-grpc-client-executor-124.70.61.81-365:c.a.n.c.naming] current ips:(0) service: DEFAULT_GROUP@@providers:com.fanyu.fanyucommon.service.InnerUserService:1.0.1: -> []
2023-10-05 17:13:59.567 INFO [nacos-grpc-client-executor-124.70.61.81-366:c.a.n.c.naming] removed ips(1) service: DEFAULT_GROUP@@providers:com.fanyu.fanyucommon.service.InnerInterfaceInfoService:1.0.1: -> [{"ip":"192.168.138.1","port":20880,"weight":1.0,"healthy":true,"enabled":true,"ephemeral":true,"clusterName":"DEFAULT","serviceName":"DEFAULT_GROUP@@providers:com.fanyu.fanyucommon.service.InnerInterfaceInfoService:1.0.1:","metadata":{"side":"provider","release":"3.0.9","methods":"getInterfaceInfo","deprecated":"false","dubbo":"2.0.2","pid":"24544","interface":"com.fanyu.fanyucommon.service.InnerInterfaceInfoService","service-name-mapping":"true","version":"1.0.1","generic":"false","revision":"1.0.1","path":"com.fanyu.fanyucommon.service.InnerInterfaceInfoService","protocol":"dubbo","application":"dubbo-provider","background":"false","dynamic":"true","category":"providers","anyhost":"true","timestamp":"1696494774726"},"instanceHeartBeatInterval":5000,"instanceHeartBeatTimeOut":15000,"ipDeleteTimeout":30000}]
2023-10-05 17:13:59.567 INFO [nacos-grpc-client-executor-124.70.61.81-366:c.a.n.c.naming] current ips:(0) service: DEFAULT_GROUP@@providers:com.fanyu.fanyucommon.service.InnerInterfaceInfoService:1.0.1: -> []
2023-10-05 17:13:59.660 INFO [nacos-grpc-client-executor-124.70.61.81-236:c.a.n.c.naming] removed ips(1) service: DEFAULT_GROUP@@dubbo-provider -> [{"ip":"192.168.138.1","port":20880,"weight":1.0,"healthy":true,"enabled":true,"ephemeral":true,"clusterName":"DEFAULT","serviceName":"DEFAULT_GROUP@@dubbo-provider","metadata":{"dubbo.metadata-service.url-params":"{\"connections\":\"1\",\"version\":\"1.0.0\",\"dubbo\":\"2.0.2\",\"release\":\"3.0.9\",\"side\":\"provider\",\"port\":\"20880\",\"protocol\":\"dubbo\"}","dubbo.endpoints":"[{\"port\":20880,\"protocol\":\"dubbo\"}]","dubbo.metadata.revision":"836aeea51a99a54b7125ca7a771f4ebc","dubbo.metadata.storage-type":"local","timestamp":"1696494774726"},"instanceHeartBeatInterval":5000,"instanceHeartBeatTimeOut":15000,"ipDeleteTimeout":30000}]
2023-10-05 17:13:59.661 INFO [nacos-grpc-client-executor-124.70.61.81-236:c.a.n.c.naming] current ips:(0) service: DEFAULT_GROUP@@dubbo-provider -> []
2023-10-05 17:14:15.776 INFO [nacos-grpc-client-executor-124.70.61.81-369:c.a.n.c.naming] new ips(1) service: DEFAULT_GROUP@@providers:com.fanyu.fanyucommon.service.InnerUserInterfaceInfoService:1.0.1: -> [{"ip":"192.168.138.1","port":20880,"weight":1.0,"healthy":true,"enabled":true,"ephemeral":true,"clusterName":"DEFAULT","serviceName":"DEFAULT_GROUP@@providers:com.fanyu.fanyucommon.service.InnerUserInterfaceInfoService:1.0.1:","metadata":{"side":"provider","release":"3.0.9","methods":"invokeCount","deprecated":"false","dubbo":"2.0.2","pid":"24544","interface":"com.fanyu.fanyucommon.service.InnerUserInterfaceInfoService","service-name-mapping":"true","version":"1.0.1","generic":"false","revision":"1.0.1","path":"com.fanyu.fanyucommon.service.InnerUserInterfaceInfoService","protocol":"dubbo","application":"dubbo-provider","background":"false","dynamic":"true","category":"providers","anyhost":"true","timestamp":"1696497254592"},"instanceHeartBeatInterval":5000,"instanceHeartBeatTimeOut":15000,"ipDeleteTimeout":30000}]
2023-10-05 17:14:15.776 INFO [nacos-grpc-client-executor-124.70.61.81-369:c.a.n.c.naming] current ips:(1) service: DEFAULT_GROUP@@providers:com.fanyu.fanyucommon.service.InnerUserInterfaceInfoService:1.0.1: -> [{"ip":"192.168.138.1","port":20880,"weight":1.0,"healthy":true,"enabled":true,"ephemeral":true,"clusterName":"DEFAULT","serviceName":"DEFAULT_GROUP@@providers:com.fanyu.fanyucommon.service.InnerUserInterfaceInfoService:1.0.1:","metadata":{"side":"provider","release":"3.0.9","methods":"invokeCount","deprecated":"false","dubbo":"2.0.2","pid":"24544","interface":"com.fanyu.fanyucommon.service.InnerUserInterfaceInfoService","service-name-mapping":"true","version":"1.0.1","generic":"false","revision":"1.0.1","path":"com.fanyu.fanyucommon.service.InnerUserInterfaceInfoService","protocol":"dubbo","application":"dubbo-provider","background":"false","dynamic":"true","category":"providers","anyhost":"true","timestamp":"1696497254592"},"instanceHeartBeatInterval":5000,"instanceHeartBeatTimeOut":15000,"ipDeleteTimeout":30000}]
2023-10-05 17:14:16.276 INFO [nacos-grpc-client-executor-124.70.61.81-370:c.a.n.c.naming] new ips(1) service: DEFAULT_GROUP@@providers:com.fanyu.fanyucommon.service.InnerUserService:1.0.1: -> [{"ip":"192.168.138.1","port":20880,"weight":1.0,"healthy":true,"enabled":true,"ephemeral":true,"clusterName":"DEFAULT","serviceName":"DEFAULT_GROUP@@providers:com.fanyu.fanyucommon.service.InnerUserService:1.0.1:","metadata":{"side":"provider","release":"3.0.9","methods":"getInvokeUser","deprecated":"false","dubbo":"2.0.2","pid":"24544","interface":"com.fanyu.fanyucommon.service.InnerUserService","service-name-mapping":"true","version":"1.0.1","generic":"false","revision":"1.0.1","path":"com.fanyu.fanyucommon.service.InnerUserService","protocol":"dubbo","application":"dubbo-provider","background":"false","dynamic":"true","category":"providers","anyhost":"true","timestamp":"1696497255450"},"instanceHeartBeatInterval":5000,"instanceHeartBeatTimeOut":15000,"ipDeleteTimeout":30000}]
2023-10-05 17:14:16.277 INFO [nacos-grpc-client-executor-124.70.61.81-370:c.a.n.c.naming] current ips:(1) service: DEFAULT_GROUP@@providers:com.fanyu.fanyucommon.service.InnerUserService:1.0.1: -> [{"ip":"192.168.138.1","port":20880,"weight":1.0,"healthy":true,"enabled":true,"ephemeral":true,"clusterName":"DEFAULT","serviceName":"DEFAULT_GROUP@@providers:com.fanyu.fanyucommon.service.InnerUserService:1.0.1:","metadata":{"side":"provider","release":"3.0.9","methods":"getInvokeUser","deprecated":"false","dubbo":"2.0.2","pid":"24544","interface":"com.fanyu.fanyucommon.service.InnerUserService","service-name-mapping":"true","version":"1.0.1","generic":"false","revision":"1.0.1","path":"com.fanyu.fanyucommon.service.InnerUserService","protocol":"dubbo","application":"dubbo-provider","background":"false","dynamic":"true","category":"providers","anyhost":"true","timestamp":"1696497255450"},"instanceHeartBeatInterval":5000,"instanceHeartBeatTimeOut":15000,"ipDeleteTimeout":30000}]
2023-10-05 17:14:16.577 INFO [nacos-grpc-client-executor-124.70.61.81-371:c.a.n.c.naming] new ips(1) service: DEFAULT_GROUP@@providers:com.fanyu.fanyucommon.service.InnerInterfaceInfoService:1.0.1: -> [{"ip":"192.168.138.1","port":20880,"weight":1.0,"healthy":true,"enabled":true,"ephemeral":true,"clusterName":"DEFAULT","serviceName":"DEFAULT_GROUP@@providers:com.fanyu.fanyucommon.service.InnerInterfaceInfoService:1.0.1:","metadata":{"side":"provider","release":"3.0.9","methods":"getInterfaceInfo","deprecated":"false","dubbo":"2.0.2","pid":"24544","interface":"com.fanyu.fanyucommon.service.InnerInterfaceInfoService","service-name-mapping":"true","version":"1.0.1","generic":"false","revision":"1.0.1","path":"com.fanyu.fanyucommon.service.InnerInterfaceInfoService","protocol":"dubbo","application":"dubbo-provider","background":"false","dynamic":"true","category":"providers","anyhost":"true","timestamp":"1696497255781"},"instanceHeartBeatInterval":5000,"instanceHeartBeatTimeOut":15000,"ipDeleteTimeout":30000}]
2023-10-05 17:14:16.577 INFO [nacos-grpc-client-executor-124.70.61.81-371:c.a.n.c.naming] current ips:(1) service: DEFAULT_GROUP@@providers:com.fanyu.fanyucommon.service.InnerInterfaceInfoService:1.0.1: -> [{"ip":"192.168.138.1","port":20880,"weight":1.0,"healthy":true,"enabled":true,"ephemeral":true,"clusterName":"DEFAULT","serviceName":"DEFAULT_GROUP@@providers:com.fanyu.fanyucommon.service.InnerInterfaceInfoService:1.0.1:","metadata":{"side":"provider","release":"3.0.9","methods":"getInterfaceInfo","deprecated":"false","dubbo":"2.0.2","pid":"24544","interface":"com.fanyu.fanyucommon.service.InnerInterfaceInfoService","service-name-mapping":"true","version":"1.0.1","generic":"false","revision":"1.0.1","path":"com.fanyu.fanyucommon.service.InnerInterfaceInfoService","protocol":"dubbo","application":"dubbo-provider","background":"false","dynamic":"true","category":"providers","anyhost":"true","timestamp":"1696497255781"},"instanceHeartBeatInterval":5000,"instanceHeartBeatTimeOut":15000,"ipDeleteTimeout":30000}]
2023-10-05 17:14:16.981 INFO [nacos-grpc-client-executor-124.70.61.81-240:c.a.n.c.naming] new ips(1) service: DEFAULT_GROUP@@dubbo-provider -> [{"ip":"192.168.138.1","port":20880,"weight":1.0,"healthy":true,"enabled":true,"ephemeral":true,"clusterName":"DEFAULT","serviceName":"DEFAULT_GROUP@@dubbo-provider","metadata":{"dubbo.metadata-service.url-params":"{\"connections\":\"1\",\"version\":\"1.0.0\",\"dubbo\":\"2.0.2\",\"release\":\"3.0.9\",\"side\":\"provider\",\"port\":\"20880\",\"protocol\":\"dubbo\"}","dubbo.endpoints":"[{\"port\":20880,\"protocol\":\"dubbo\"}]","dubbo.metadata.revision":"836aeea51a99a54b7125ca7a771f4ebc","dubbo.metadata.storage-type":"local","timestamp":"1696497255781"},"instanceHeartBeatInterval":5000,"instanceHeartBeatTimeOut":15000,"ipDeleteTimeout":30000}]
2023-10-05 17:14:16.981 INFO [nacos-grpc-client-executor-124.70.61.81-240:c.a.n.c.naming] current ips:(1) service: DEFAULT_GROUP@@dubbo-provider -> [{"ip":"192.168.138.1","port":20880,"weight":1.0,"healthy":true,"enabled":true,"ephemeral":true,"clusterName":"DEFAULT","serviceName":"DEFAULT_GROUP@@dubbo-provider","metadata":{"dubbo.metadata-service.url-params":"{\"connections\":\"1\",\"version\":\"1.0.0\",\"dubbo\":\"2.0.2\",\"release\":\"3.0.9\",\"side\":\"provider\",\"port\":\"20880\",\"protocol\":\"dubbo\"}","dubbo.endpoints":"[{\"port\":20880,\"protocol\":\"dubbo\"}]","dubbo.metadata.revision":"836aeea51a99a54b7125ca7a771f4ebc","dubbo.metadata.storage-type":"local","timestamp":"1696497255781"},"instanceHeartBeatInterval":5000,"instanceHeartBeatTimeOut":15000,"ipDeleteTimeout":30000}]
2023-10-05 17:16:39.965 INFO [Thread-2:c.a.n.c.naming] [DEREGISTER-SERVICE] public deregistering service consumers:com.fanyu.fanyucommon.service.InnerUserInterfaceInfoService:1.0.1: with instance: Instance{instanceId='null', ip='192.168.138.1', port=0, weight=1.0, healthy=true, enabled=true, ephemeral=true, clusterName='DEFAULT', serviceName='null', metadata={}}
2023-10-05 17:16:40.055 INFO [Thread-2:c.a.n.c.naming] [DEREGISTER-SERVICE] public deregistering service consumers:com.fanyu.fanyucommon.service.InnerUserService:1.0.1: with instance: Instance{instanceId='null', ip='192.168.138.1', port=0, weight=1.0, healthy=true, enabled=true, ephemeral=true, clusterName='DEFAULT', serviceName='null', metadata={}}
2023-10-05 17:16:40.126 INFO [Thread-2:c.a.n.c.naming] [DEREGISTER-SERVICE] public deregistering service consumers:com.fanyu.fanyucommon.service.InnerInterfaceInfoService:1.0.1: with instance: Instance{instanceId='null', ip='192.168.138.1', port=0, weight=1.0, healthy=true, enabled=true, ephemeral=true, clusterName='DEFAULT', serviceName='null', metadata={}}
2023-10-05 17:16:40.199 INFO [Thread-2:c.a.n.c.naming] com.alibaba.nacos.client.naming.cache.ServiceInfoHolder do shutdown begin
2023-10-05 17:16:40.199 INFO [Thread-2:c.a.n.c.naming] com.alibaba.nacos.client.naming.backups.FailoverReactor do shutdown begin
2023-10-05 17:16:40.199 INFO [Thread-2:c.a.n.c.naming] com.alibaba.nacos.client.naming.backups.FailoverReactor do shutdown stop
2023-10-05 17:16:40.199 INFO [Thread-2:c.a.n.c.naming] com.alibaba.nacos.client.naming.cache.ServiceInfoHolder do shutdown stop
2023-10-05 17:16:40.200 INFO [Thread-2:c.a.n.c.naming] com.alibaba.nacos.client.naming.remote.NamingClientProxyDelegate do shutdown begin
2023-10-05 17:16:40.200 INFO [Thread-2:c.a.n.c.naming] com.alibaba.nacos.client.naming.core.ServiceInfoUpdateService do shutdown begin
2023-10-05 17:16:40.524 INFO [Thread-2:c.a.n.c.naming] com.alibaba.nacos.client.naming.core.ServiceInfoUpdateService do shutdown stop
2023-10-05 17:16:40.524 INFO [Thread-2:c.a.n.c.naming] com.alibaba.nacos.client.naming.core.ServerListManager do shutdown begin
2023-10-05 17:16:40.524 WARN [Thread-2:c.a.n.c.naming] [NamingHttpClientManager] Start destroying NacosRestTemplate
2023-10-05 17:16:40.524 WARN [Thread-2:c.a.n.c.naming] [NamingHttpClientManager] Destruction of the end
2023-10-05 17:16:40.524 INFO [Thread-2:c.a.n.c.naming] com.alibaba.nacos.client.naming.core.ServerListManager do shutdown stop
2023-10-05 17:16:40.524 INFO [Thread-2:c.a.n.c.naming] com.alibaba.nacos.client.naming.remote.http.NamingHttpClientProxy do shutdown begin
2023-10-05 17:16:40.524 INFO [Thread-2:c.a.n.c.naming] com.alibaba.nacos.client.naming.beat.BeatReactor do shutdown begin
2023-10-05 17:16:40.524 INFO [Thread-2:c.a.n.c.naming] com.alibaba.nacos.client.naming.beat.BeatReactor do shutdown stop
2023-10-05 17:16:40.524 WARN [Thread-2:c.a.n.c.naming] [NamingHttpClientManager] Start destroying NacosRestTemplate
2023-10-05 17:16:40.524 WARN [Thread-2:c.a.n.c.naming] [NamingHttpClientManager] Destruction of the end
2023-10-05 17:16:40.524 INFO [Thread-2:c.a.n.c.naming] com.alibaba.nacos.client.naming.remote.http.NamingHttpClientProxy do shutdown stop
2023-10-05 17:16:40.529 INFO [Thread-2:c.a.n.c.naming] Shutdown grpc redo service executor java.util.concurrent.ScheduledThreadPoolExecutor@5b1a413a[Running, pool size = 1, active threads = 0, queued tasks = 1, completed tasks = 434]
2023-10-05 17:16:40.529 INFO [Thread-2:c.a.n.c.naming] com.alibaba.nacos.client.naming.remote.NamingClientProxyDelegate do shutdown stop
